<?xml version="1.0" encoding="UTF-8"?>
<!-- Generated by org.testng.reporters.JUnitXMLReporter -->
<testsuite ignored="0" hostname="DESKTOP-4JSDMOS" failures="0" tests="2" name="BankingApp Test" time="53.217" errors="0" timestamp="29 Sep 2021 07:17:35 GMT">
  <testcase classname="com.inetBanking.testCases.TC_LoginTest_001" name="loginTest" time="3.213"/>
  <testcase classname="com.inetBanking.testCases.TC_AddCustomer_003" name="addNewCustomer" time="19.371"/>
</testsuite> <!-- BankingApp Test -->
