<?xml version="1.0" encoding="UTF-8"?>
<testng-results ignored="0" total="2" passed="2" failed="0" skipped="0">
  <reporter-output>
  </reporter-output>
  <suite started-at="2021-09-29T07:16:41Z" name="InetBankingV1" finished-at="2021-09-29T07:17:35Z" duration-ms="53217">
    <groups>
    </groups>
    <test started-at="2021-09-29T07:16:41Z" name="BankingApp Test" finished-at="2021-09-29T07:17:35Z" duration-ms="53217">
      <class name="com.inetBanking.testCases.TC_LoginTest_001">
        <test-method is-config="true" signature="setUp(java.lang.String)[pri:0, instance:com.inetBanking.testCases.TC_LoginTest_001@134593bf]" started-at="2021-09-29T07:16:41Z" name="setUp" finished-at="2021-09-29T07:16:59Z" duration-ms="17804" status="PASS">
          <params>
            <param index="0">
              <value>
                <![CDATA[Chrome]]>
              </value>
            </param>
          </params>
          <reporter-output>
          </reporter-output>
        </test-method> <!-- setUp -->
        <test-method signature="loginTest()[pri:0, instance:com.inetBanking.testCases.TC_LoginTest_001@134593bf]" started-at="2021-09-29T07:16:59Z" name="loginTest" finished-at="2021-09-29T07:17:03Z" duration-ms="3213" status="PASS">
          <reporter-output>
          </reporter-output>
        </test-method> <!-- loginTest -->
        <test-method is-config="true" signature="tearDown()[pri:0, instance:com.inetBanking.testCases.TC_LoginTest_001@134593bf]" started-at="2021-09-29T07:17:03Z" name="tearDown" finished-at="2021-09-29T07:17:04Z" duration-ms="930" status="PASS">
          <reporter-output>
          </reporter-output>
        </test-method> <!-- tearDown -->
      </class> <!-- com.inetBanking.testCases.TC_LoginTest_001 -->
      <class name="com.inetBanking.testCases.TC_AddCustomer_003">
        <test-method is-config="true" signature="setUp(java.lang.String)[pri:0, instance:com.inetBanking.testCases.TC_AddCustomer_003@4bb4de6a]" started-at="2021-09-29T07:17:04Z" name="setUp" finished-at="2021-09-29T07:17:14Z" duration-ms="10310" status="PASS">
          <params>
            <param index="0">
              <value>
                <![CDATA[Chrome]]>
              </value>
            </param>
          </params>
          <reporter-output>
          </reporter-output>
        </test-method> <!-- setUp -->
        <test-method signature="addNewCustomer()[pri:0, instance:com.inetBanking.testCases.TC_AddCustomer_003@4bb4de6a]" started-at="2021-09-29T07:17:14Z" name="addNewCustomer" finished-at="2021-09-29T07:17:33Z" duration-ms="19371" status="PASS">
          <reporter-output>
          </reporter-output>
        </test-method> <!-- addNewCustomer -->
        <test-method is-config="true" signature="tearDown()[pri:0, instance:com.inetBanking.testCases.TC_AddCustomer_003@4bb4de6a]" started-at="2021-09-29T07:17:33Z" name="tearDown" finished-at="2021-09-29T07:17:35Z" duration-ms="1273" status="PASS">
          <reporter-output>
          </reporter-output>
        </test-method> <!-- tearDown -->
      </class> <!-- com.inetBanking.testCases.TC_AddCustomer_003 -->
    </test> <!-- BankingApp Test -->
  </suite> <!-- InetBankingV1 -->
</testng-results>
