<?xml version="1.0" encoding="UTF-8"?>
<testng-results ignored="0" total="2" passed="2" failed="0" skipped="0">
  <reporter-output>
  </reporter-output>
  <suite started-at="2021-09-29T08:57:22Z" name="InetBankingV1" finished-at="2021-09-29T08:58:24Z" duration-ms="62559">
    <groups>
    </groups>
    <test started-at="2021-09-29T08:57:22Z" name="BankingApp Test" finished-at="2021-09-29T08:58:24Z" duration-ms="62559">
      <class name="com.inetBanking.testCases.TC_LoginTest_001">
        <test-method is-config="true" signature="setUp(java.lang.String)[pri:0, instance:com.inetBanking.testCases.TC_LoginTest_001@60dcc9fe]" started-at="2021-09-29T08:57:22Z" name="setUp" finished-at="2021-09-29T08:57:53Z" duration-ms="30208" status="PASS">
          <params>
            <param index="0">
              <value>
                <![CDATA[Chrome]]>
              </value>
            </param>
          </params>
          <reporter-output>
          </reporter-output>
        </test-method> <!-- setUp -->
        <test-method signature="loginTest()[pri:0, instance:com.inetBanking.testCases.TC_LoginTest_001@60dcc9fe]" started-at="2021-09-29T08:57:53Z" name="loginTest" finished-at="2021-09-29T08:57:55Z" duration-ms="2766" status="PASS">
          <reporter-output>
          </reporter-output>
        </test-method> <!-- loginTest -->
        <test-method is-config="true" signature="tearDown()[pri:0, instance:com.inetBanking.testCases.TC_LoginTest_001@60dcc9fe]" started-at="2021-09-29T08:57:56Z" name="tearDown" finished-at="2021-09-29T08:57:57Z" duration-ms="1037" status="PASS">
          <reporter-output>
          </reporter-output>
        </test-method> <!-- tearDown -->
      </class> <!-- com.inetBanking.testCases.TC_LoginTest_001 -->
      <class name="com.inetBanking.testCases.TC_AddCustomer_003">
        <test-method is-config="true" signature="setUp(java.lang.String)[pri:0, instance:com.inetBanking.testCases.TC_AddCustomer_003@222114ba]" started-at="2021-09-29T08:57:57Z" name="setUp" finished-at="2021-09-29T08:58:03Z" duration-ms="6547" status="PASS">
          <params>
            <param index="0">
              <value>
                <![CDATA[Chrome]]>
              </value>
            </param>
          </params>
          <reporter-output>
          </reporter-output>
        </test-method> <!-- setUp -->
        <test-method signature="addNewCustomer()[pri:0, instance:com.inetBanking.testCases.TC_AddCustomer_003@222114ba]" started-at="2021-09-29T08:58:03Z" name="addNewCustomer" finished-at="2021-09-29T08:58:23Z" duration-ms="19789" status="PASS">
          <reporter-output>
          </reporter-output>
        </test-method> <!-- addNewCustomer -->
        <test-method is-config="true" signature="tearDown()[pri:0, instance:com.inetBanking.testCases.TC_AddCustomer_003@222114ba]" started-at="2021-09-29T08:58:23Z" name="tearDown" finished-at="2021-09-29T08:58:24Z" duration-ms="1497" status="PASS">
          <reporter-output>
          </reporter-output>
        </test-method> <!-- tearDown -->
      </class> <!-- com.inetBanking.testCases.TC_AddCustomer_003 -->
    </test> <!-- BankingApp Test -->
  </suite> <!-- InetBankingV1 -->
</testng-results>
