<?xml version="1.0" encoding="UTF-8"?>
<testng-results ignored="0" total="1" passed="1" failed="0" skipped="0">
  <reporter-output>
  </reporter-output>
  <suite started-at="2022-04-22T15:20:43 IST" name="InetBankingV1" finished-at="2022-04-22T15:21:16 IST" duration-ms="33495">
    <groups>
    </groups>
    <test started-at="2022-04-22T15:20:43 IST" name="BankingApp Test" finished-at="2022-04-22T15:21:16 IST" duration-ms="33495">
      <class name="com.a3_inetBanking.testCases.TC_001_LoginTest">
        <test-method is-config="true" signature="setUp(java.lang.String)[pri:0, instance:com.a3_inetBanking.testCases.TC_001_LoginTest@27ce24aa]" started-at="2022-04-22T15:20:44 IST" name="setUp" finished-at="2022-04-22T15:21:11 IST" duration-ms="26640" status="PASS">
          <params>
            <param index="0">
              <value>
                <![CDATA[chrome]]>
              </value>
            </param>
          </params>
          <reporter-output>
          </reporter-output>
        </test-method> <!-- setUp -->
        <test-method signature="loginTest()[pri:0, instance:com.a3_inetBanking.testCases.TC_001_LoginTest@27ce24aa]" started-at="2022-04-22T15:21:11 IST" name="loginTest" finished-at="2022-04-22T15:21:15 IST" duration-ms="4105" status="PASS">
          <reporter-output>
          </reporter-output>
        </test-method> <!-- loginTest -->
        <test-method is-config="true" signature="tearDown()[pri:0, instance:com.a3_inetBanking.testCases.TC_001_LoginTest@27ce24aa]" started-at="2022-04-22T15:21:15 IST" name="tearDown" finished-at="2022-04-22T15:21:16 IST" duration-ms="1053" status="PASS">
          <reporter-output>
          </reporter-output>
        </test-method> <!-- tearDown -->
      </class> <!-- com.a3_inetBanking.testCases.TC_001_LoginTest -->
    </test> <!-- BankingApp Test -->
  </suite> <!-- InetBankingV1 -->
</testng-results>
